Compiling the C compiler identification source file "CMakeCCompilerId.c" failed.
Compiler: C:/cygwin64/bin/cc 
Build flags: 
Id flags:  

The output was:
Acceso denegado


Compiling the C compiler identification source file "CMakeCCompilerId.c" failed.
Compiler: C:/cygwin64/bin/cc 
Build flags: 
Id flags: -c 

The output was:
Acceso denegado


Compiling the C compiler identification source file "CMakeCCompilerId.c" failed.
Compiler: C:/cygwin64/bin/cc 
Build flags: 
Id flags: -Aa 

The output was:
Acceso denegado


Compiling the C compiler identification source file "CMakeCCompilerId.c" failed.
Compiler: C:/cygwin64/bin/cc 
Build flags: 
Id flags: -D__CLASSIC_C__ 

The output was:
Acceso denegado


Compiling the C compiler identification source file "CMakeCCompilerId.c" failed.
Compiler: C:/cygwin64/bin/cc 
Build flags: 
Id flags: --target=arm-arm-none-eabi;-mcpu=cortex-m3 

The output was:
Acceso denegado


Compiling the C compiler identification source file "CMakeCCompilerId.c" failed.
Compiler: C:/cygwin64/bin/cc 
Build flags: 
Id flags:  

The output was:
Acceso denegado


Compiling the C compiler identification source file "CMakeCCompilerId.c" failed.
Compiler: C:/cygwin64/bin/cc 
Build flags: 
Id flags: -c 

The output was:
Acceso denegado


Compiling the C compiler identification source file "CMakeCCompilerId.c" failed.
Compiler: C:/cygwin64/bin/cc 
Build flags: 
Id flags: -Aa 

The output was:
Acceso denegado


Compiling the C compiler identification source file "CMakeCCompilerId.c" failed.
Compiler: C:/cygwin64/bin/cc 
Build flags: 
Id flags: -D__CLASSIC_C__ 

The output was:
Acceso denegado


Compiling the C compiler identification source file "CMakeCCompilerId.c" failed.
Compiler: C:/cygwin64/bin/cc 
Build flags: 
Id flags: --target=arm-arm-none-eabi;-mcpu=cortex-m3 

The output was:
Acceso denegado


Checking whether the C compiler is IAR using "" did not match "IAR .+ Compiler":
Checking whether the C compiler is IAR using "" did not match "IAR .+ Compiler":
